\BOOKMARK [0][-]{chapter*.2}{Introduction}{}% 1
\BOOKMARK [0][-]{chapter.1}{1\040Phonology}{}% 2
\BOOKMARK [1][-]{section.1.1}{1.1\040Consonants}{chapter.1}% 3
\BOOKMARK [1][-]{section.1.2}{1.2\040Vowels}{chapter.1}% 4
\BOOKMARK [1][-]{section.1.3}{1.3\040Phonotactics}{chapter.1}% 5
\BOOKMARK [0][-]{chapter.2}{2\040Morphology}{}% 6
\BOOKMARK [1][-]{section.2.1}{2.1\040Nouns}{chapter.2}% 7
\BOOKMARK [1][-]{section.2.2}{2.2\040Noun\040classes}{chapter.2}% 8
\BOOKMARK [1][-]{section.2.3}{2.3\040Number}{chapter.2}% 9
\BOOKMARK [1][-]{section.2.4}{2.4\040Personal\040suffixes}{chapter.2}% 10
\BOOKMARK [2][-]{subsection.2.4.1}{2.4.1\040Definite}{section.2.4}% 11
\BOOKMARK [2][-]{subsection.2.4.2}{2.4.2\040Indefinite}{section.2.4}% 12
\BOOKMARK [2][-]{subsection.2.4.3}{2.4.3\040Demonstrative}{section.2.4}% 13
\BOOKMARK [2][-]{subsection.2.4.4}{2.4.4\040Genitive}{section.2.4}% 14
\BOOKMARK [1][-]{section.2.5}{2.5\040Adjective}{chapter.2}% 15
\BOOKMARK [1][-]{section.2.6}{2.6\040Adpositions}{chapter.2}% 16
\BOOKMARK [0][-]{chapter.3}{3\040Conjugation}{}% 17
\BOOKMARK [1][-]{section.3.1}{3.1\040Tense}{chapter.3}% 18
\BOOKMARK [2][-]{subsection.3.1.1}{3.1.1\040Present}{section.3.1}% 19
\BOOKMARK [2][-]{subsection.3.1.2}{3.1.2\040Past}{section.3.1}% 20
\BOOKMARK [2][-]{subsection.3.1.3}{3.1.3\040Future}{section.3.1}% 21
\BOOKMARK [1][-]{section.3.2}{3.2\040Mood}{chapter.3}% 22
\BOOKMARK [2][-]{subsection.3.2.1}{3.2.1\040Indicative}{section.3.2}% 23
\BOOKMARK [2][-]{subsection.3.2.2}{3.2.2\040Participle}{section.3.2}% 24
\BOOKMARK [2][-]{subsection.3.2.3}{3.2.3\040Interrogative}{section.3.2}% 25
\BOOKMARK [2][-]{subsection.3.2.4}{3.2.4\040Subjunctive}{section.3.2}% 26
\BOOKMARK [2][-]{subsection.3.2.5}{3.2.5\040Imperative}{section.3.2}% 27
\BOOKMARK [1][-]{section.3.3}{3.3\040Aspect}{chapter.3}% 28
\BOOKMARK [2][-]{subsection.3.3.1}{3.3.1\040Perfect/Imperfect}{section.3.3}% 29
\BOOKMARK [2][-]{subsection.3.3.2}{3.3.2\040Cessative/Inchoative}{section.3.3}% 30
\BOOKMARK [1][-]{section.3.4}{3.4\040The\040Copula}{chapter.3}% 31
\BOOKMARK [0][-]{chapter.4}{4\040Syntax}{}% 32
\BOOKMARK [1][-]{section.4.1}{4.1\040Noun\040phrase}{chapter.4}% 33
\BOOKMARK [1][-]{section.4.2}{4.2\040Sentence}{chapter.4}% 34
\BOOKMARK [2][-]{subsection.4.2.1}{4.2.1\040Basic\040order}{section.4.2}% 35
\BOOKMARK [2][-]{subsection.4.2.2}{4.2.2\040Questions}{section.4.2}% 36
\BOOKMARK [2][-]{subsection.4.2.3}{4.2.3\040Imperatives}{section.4.2}% 37
\BOOKMARK [1][-]{section.4.3}{4.3\040Subclauses}{chapter.4}% 38
\BOOKMARK [1][-]{section.4.4}{4.4\040Existentials}{chapter.4}% 39
\BOOKMARK [0][-]{chapter.5}{5\040Pragmatics}{}% 40
\BOOKMARK [1][-]{section.5.1}{5.1\040Sayings}{chapter.5}% 41
\BOOKMARK [1][-]{section.5.2}{5.2\040Samples}{chapter.5}% 42
\BOOKMARK [2][-]{subsection.5.2.1}{5.2.1 Ëj un naklë’ùr dësish’rù — The King of All Snakes}{section.5.2}% 43
\BOOKMARK [0][-]{section*.5}{Glossary}{}% 44
